{"/Users/alina/Desktop/coinify/git/table/src/components/tableComponent/logic/requests/index.tsx": {"path":"/Users/alina/Desktop/coinify/git/table/src/components/tableComponent/logic/requests/index.tsx","statementMap":{"0":{"start":{"line":4,"column":25},"end":{"line":4,"column":null}},"1":{"start":{"line":4,"column":14},"end":{"line":4,"column":null}},"2":{"start":{"line":6,"column":8},"end":{"line":8,"column":null}},"3":{"start":{"line":7,"column":12},"end":{"line":7,"column":49}},"4":{"start":{"line":10,"column":15},"end":{"line":10,"column":53}},"5":{"start":{"line":10,"column":8},"end":{"line":10,"column":53}},"6":{"start":{"line":12,"column":8},"end":{"line":12,"column":48}},"7":{"start":{"line":1,"column":0},"end":{"line":1,"column":22}}},"fnMap":{"0":{"name":"fetchData","decl":{"start":{"line":1,"column":22},"end":{"line":1,"column":31}},"loc":{"start":{"line":1,"column":46},"end":{"line":14,"column":null}}}},"branchMap":{"0":{"loc":{"start":{"line":10,"column":8},"end":{"line":10,"column":53}},"type":"switch","locations":[{"start":{"line":10,"column":8},"end":{"line":10,"column":53}}]},"1":{"loc":{"start":{"line":6,"column":8},"end":{"line":8,"column":null}},"type":"if","locations":[{"start":{"line":6,"column":8},"end":{"line":8,"column":null}}]}},"s":{"0":2,"1":2,"2":1,"3":0,"4":1,"5":1,"6":1,"7":1},"f":{"0":2},"b":{"0":[1],"1":[0]}}
,"/Users/alina/Desktop/coinify/git/table/src/endpoints/CryptoCoin.ts": {"path":"/Users/alina/Desktop/coinify/git/table/src/endpoints/CryptoCoin.ts","statementMap":{"0":{"start":{"line":1,"column":0},"end":{"line":1,"column":72}},"1":{"start":{"line":3,"column":0},"end":{"line":3,"column":38}},"2":{"start":{"line":5,"column":22},"end":{"line":5,"column":94}},"3":{"start":{"line":9,"column":8},"end":{"line":9,"column":33}},"4":{"start":{"line":12,"column":16},"end":{"line":12,"column":61}},"5":{"start":{"line":12,"column":8},"end":{"line":12,"column":61}},"6":{"start":{"line":14,"column":8},"end":{"line":14,"column":16}},"7":{"start":{"line":17,"column":4},"end":{"line":19,"column":6}},"8":{"start":{"line":18,"column":8},"end":{"line":18,"column":18}},"9":{"start":{"line":21,"column":4},"end":{"line":21,"column":39}},"10":{"start":{"line":21,"column":26},"end":{"line":21,"column":38}},"11":{"start":{"line":7,"column":0},"end":{"line":7,"column":22}}},"fnMap":{"0":{"name":"getCoinsData","decl":{"start":{"line":7,"column":22},"end":{"line":7,"column":34}},"loc":{"start":{"line":7,"column":34},"end":{"line":22,"column":2}}},"1":{"name":"(anonymous_16)","decl":{"start":{"line":21,"column":21},"end":{"line":21,"column":22}},"loc":{"start":{"line":21,"column":22},"end":{"line":21,"column":30}}}},"branchMap":{"0":{"loc":{"start":{"line":17,"column":4},"end":{"line":19,"column":6}},"type":"if","locations":[{"start":{"line":17,"column":4},"end":{"line":19,"column":6}}]},"1":{"loc":{"start":{"line":17,"column":8},"end":{"line":17,"column":51}},"type":"binary-expr","locations":[{"start":{"line":17,"column":8},"end":{"line":17,"column":29}},{"start":{"line":17,"column":33},"end":{"line":17,"column":51}}]}},"s":{"0":1,"1":1,"2":1,"3":2,"4":2,"5":2,"6":1,"7":1,"8":1,"9":0,"10":0,"11":1},"f":{"0":2,"1":0},"b":{"0":[1],"1":[1,1]}}
,"/Users/alina/Desktop/coinify/git/table/src/models/Coin.tsx": {"path":"/Users/alina/Desktop/coinify/git/table/src/models/Coin.tsx","statementMap":{"0":{"start":{"line":1,"column":0},"end":{"line":1,"column":25}},"1":{"start":{"line":4,"column":0},"end":{"line":4,"column":13}},"2":{"start":{"line":21,"column":8},"end":{"line":21,"column":29}},"3":{"start":{"line":22,"column":8},"end":{"line":22,"column":31}},"4":{"start":{"line":23,"column":8},"end":{"line":23,"column":43}},"5":{"start":{"line":24,"column":8},"end":{"line":24,"column":39}},"6":{"start":{"line":25,"column":8},"end":{"line":25,"column":36}},"7":{"start":{"line":10,"column":4},"end":{"line":17,"column":null}},"8":{"start":{"line":11,"column":8},"end":{"line":16,"column":16}},"9":{"start":{"line":28,"column":0},"end":{"line":28,"column":null}},"10":{"start":{"line":4,"column":13},"end":{"line":4,"column":17}}},"fnMap":{"0":{"name":"(anonymous_1)","decl":{"start":{"line":4,"column":0},"end":{"line":4,"column":13}},"loc":{"start":{"line":4,"column":0},"end":{"line":28,"column":null}}},"1":{"name":"Coin","decl":{"start":{"line":19,"column":4},"end":{"line":19,"column":16}},"loc":{"start":{"line":19,"column":35},"end":{"line":26,"column":5}}},"2":{"name":"(anonymous_3)","decl":{"start":{"line":10,"column":4},"end":{"line":10,"column":8}},"loc":{"start":{"line":10,"column":4},"end":{"line":17,"column":5}}}},"branchMap":{},"s":{"0":1,"1":1,"2":0,"3":0,"4":0,"5":0,"6":0,"7":1,"8":0,"9":1,"10":1},"f":{"0":1,"1":0,"2":0},"b":{}}
}
