TN:
SF:src/components/tableComponent/logic/requests/index.tsx
FN:1,fetchData
FNF:1
FNH:1
FNDA:2,fetchData
DA:1,1
DA:4,2
DA:6,1
DA:7,0
DA:10,1
DA:12,1
LF:6
LH:5
BRDA:10,0,0,1
BRDA:6,1,0,0
BRF:2
BRH:1
end_of_record
TN:
SF:src/endpoints/CryptoCoin.ts
FN:7,getCoinsData
FN:21,(anonymous_16)
FNF:2
FNH:1
FNDA:2,getCoinsData
FNDA:0,(anonymous_16)
DA:1,1
DA:3,1
DA:5,1
DA:7,1
DA:9,2
DA:12,2
DA:14,1
DA:17,1
DA:18,1
DA:21,0
LF:10
LH:9
BRDA:17,0,0,1
BRDA:17,1,0,1
BRDA:17,1,1,1
BRF:3
BRH:3
end_of_record
TN:
SF:src/models/Coin.tsx
FN:4,(anonymous_1)
FN:19,Coin
FN:10,(anonymous_3)
FNF:3
FNH:1
FNDA:1,(anonymous_1)
FNDA:0,Coin
FNDA:0,(anonymous_3)
DA:1,1
DA:4,1
DA:10,1
DA:11,0
DA:21,0
DA:22,0
DA:23,0
DA:24,0
DA:25,0
DA:28,1
LF:10
LH:4
BRF:0
BRH:0
end_of_record
